# JRE version: OpenJDK Runtime Environment (8.0_91-b14) (build 1.8.0_91-8u91-b14-3ubuntu1~16.04.1-b14)
# Java VM: OpenJDK 64-Bit Server VM (25.91-b14 mixed mode linux-amd64 compressed oops)
Heap:
 PSYoungGen      total 53248K, used 78K [0x00000000fab00000, 0x00000000ff800000, 0x0000000100000000)
  eden space 30720K, 0% used [0x00000000fab00000,0x00000000fab139e8,0x00000000fc900000)
  from space 22528K, 0% used [0x00000000fe200000,0x00000000fe200000,0x00000000ff800000)
  to   space 24064K, 0% used [0x00000000fc900000,0x00000000fc900000,0x00000000fe080000)
 ParOldGen       total 175104K, used 141939K [0x00000000f0000000, 0x00000000fab00000, 0x00000000fab00000)
  object space 175104K, 81% used [0x00000000f0000000,0x00000000f8a9cff8,0x00000000fab00000)
 Metaspace       used 47354K, capacity 47574K, committed 48256K, reserved 1091584K
  class space    used 5565K, capacity 5669K, committed 5760K, reserved 1048576K
GC Heap History (10 events):
Event: 9391.844 GC heap before
{Heap before GC invocations=509 (full 59):
 PSYoungGen      total 55296K, used 32K [0x00000000fab00000, 0x00000000ffd00000, 0x0000000100000000)
  eden space 29696K, 0% used [0x00000000fab00000,0x00000000fab00000,0x00000000fc800000)
  from space 25600K, 0% used [0x00000000fe400000,0x00000000fe408000,0x00000000ffd00000)
  to   space 27136K, 0% used [0x00000000fc800000,0x00000000fc800000,0x00000000fe280000)
 ParOldGen       total 175104K, used 74889K [0x00000000f0000000, 0x00000000fab00000, 0x00000000fab00000)
  object space 175104K, 42% used [0x00000000f0000000,0x00000000f4922558,0x00000000fab00000)
 Metaspace       used 47354K, capacity 47574K, committed 48256K, reserved 1091584K
  class space    used 5565K, capacity 5669K, committed 5760K, reserved 1048576K
Event: 9391.904 GC heap after
Heap after GC invocations=509 (full 59):
 PSYoungGen      total 55296K, used 0K [0x00000000fab00000, 0x00000000ffd00000, 0x0000000100000000)
  eden space 29696K, 0% used [0x00000000fab00000,0x00000000fab00000,0x00000000fc800000)
  from space 25600K, 0% used [0x00000000fe400000,0x00000000fe400000,0x00000000ffd00000)
  to   space 27136K, 0% used [0x00000000fc800000,0x00000000fc800000,0x00000000fe280000)
 ParOldGen       total 175104K, used 74889K [0x00000000f0000000, 0x00000000fab00000, 0x00000000fab00000)
  object space 175104K, 42% used [0x00000000f0000000,0x00000000f4922590,0x00000000fab00000)
 Metaspace       used 47354K, capacity 47574K, committed 48256K, reserved 1091584K
  class space    used 5565K, capacity 5669K, committed 5760K, reserved 1048576K
}
Event: 9429.243 GC heap before
{Heap before GC invocations=510 (full 59):
 PSYoungGen      total 55296K, used 1934K [0x00000000fab00000, 0x00000000ffd00000, 0x0000000100000000)
  eden space 29696K, 6% used [0x00000000fab00000,0x00000000face3b70,0x00000000fc800000)
  from space 25600K, 0% used [0x00000000fe400000,0x00000000fe400000,0x00000000ffd00000)
  to   space 27136K, 0% used [0x00000000fc800000,0x00000000fc800000,0x00000000fe280000)
 ParOldGen       total 175104K, used 168639K [0x00000000f0000000, 0x00000000fab00000, 0x00000000fab00000)
  object space 175104K, 96% used [0x00000000f0000000,0x00000000fa4afdc0,0x00000000fab00000)
 Metaspace       used 47354K, capacity 47574K, committed 48256K, reserved 1091584K
  class space    used 5565K, capacity 5669K, committed 5760K, reserved 1048576K
Event: 9429.393 GC heap after
Heap after GC invocations=510 (full 59):
 PSYoungGen      total 30720K, used 539K [0x00000000fab00000, 0x00000000ffb00000, 0x0000000100000000)
  eden space 29696K, 0% used [0x00000000fab00000,0x00000000fab00000,0x00000000fc800000)
  from space 1024K, 52% used [0x00000000fc800000,0x00000000fc886e28,0x00000000fc900000)
  to   space 25600K, 0% used [0x00000000fe200000,0x00000000fe200000,0x00000000ffb00000)
 ParOldGen       total 175104K, used 168639K [0x00000000f0000000, 0x00000000fab00000, 0x00000000fab00000)
  object space 175104K, 96% used [0x00000000f0000000,0x00000000fa4afdc0,0x00000000fab00000)
 Metaspace       used 47354K, capacity 47574K, committed 48256K, reserved 1091584K
  class space    used 5565K, capacity 5669K, committed 5760K, reserved 1048576K
}
Event: 9429.393 GC heap before
{Heap before GC invocations=511 (full 60):
 PSYoungGen      total 30720K, used 539K [0x00000000fab00000, 0x00000000ffb00000, 0x0000000100000000)
  eden space 29696K, 0% used [0x00000000fab00000,0x00000000fab00000,0x00000000fc800000)
  from space 1024K, 52% used [0x00000000fc800000,0x00000000fc886e28,0x00000000fc900000)
  to   space 25600K, 0% used [0x00000000fe200000,0x00000000fe200000,0x00000000ffb00000)
 ParOldGen       total 175104K, used 168639K [0x00000000f0000000, 0x00000000fab00000, 0x00000000fab00000)
  object space 175104K, 96% used [0x00000000f0000000,0x00000000fa4afdc0,0x00000000fab00000)
 Metaspace       used 47354K, capacity 47574K, committed 48256K, reserved 1091584K
  class space    used 5565K, capacity 5669K, committed 5760K, reserved 1048576K
Event: 9431.218 GC heap after
Heap after GC invocations=511 (full 60):
 PSYoungGen      total 30720K, used 0K [0x00000000fab00000, 0x00000000ffb00000, 0x0000000100000000)
  eden space 29696K, 0% used [0x00000000fab00000,0x00000000fab00000,0x00000000fc800000)
  from space 1024K, 0% used [0x00000000fc800000,0x00000000fc800000,0x00000000fc900000)
  to   space 25600K, 0% used [0x00000000fe200000,0x00000000fe200000,0x00000000ffb00000)
 ParOldGen       total 175104K, used 168884K [0x00000000f0000000, 0x00000000fab00000, 0x00000000fab00000)
  object space 175104K, 96% used [0x00000000f0000000,0x00000000fa4ed228,0x00000000fab00000)
 Metaspace       used 47354K, capacity 47574K, committed 48256K, reserved 1091584K
  class space    used 5565K, capacity 5669K, committed 5760K, reserved 1048576K
}
Event: 9431.219 GC heap before
{Heap before GC invocations=512 (full 60):
 PSYoungGen      total 30720K, used 0K [0x00000000fab00000, 0x00000000ffb00000, 0x0000000100000000)
  eden space 29696K, 0% used [0x00000000fab00000,0x00000000fab00000,0x00000000fc800000)
  from space 1024K, 0% used [0x00000000fc800000,0x00000000fc800000,0x00000000fc900000)
  to   space 25600K, 0% used [0x00000000fe200000,0x00000000fe200000,0x00000000ffb00000)
 ParOldGen       total 175104K, used 168884K [0x00000000f0000000, 0x00000000fab00000, 0x00000000fab00000)
  object space 175104K, 96% used [0x00000000f0000000,0x00000000fa4ed228,0x00000000fab00000)
 Metaspace       used 47354K, capacity 47574K, committed 48256K, reserved 1091584K
  class space    used 5565K, capacity 5669K, committed 5760K, reserved 1048576K
Event: 9431.223 GC heap after
Heap after GC invocations=512 (full 60):
 PSYoungGen      total 53248K, used 0K [0x00000000fab00000, 0x00000000ff800000, 0x0000000100000000)
  eden space 30720K, 0% used [0x00000000fab00000,0x00000000fab00000,0x00000000fc900000)
  from space 22528K, 0% used [0x00000000fe200000,0x00000000fe200000,0x00000000ff800000)
  to   space 24064K, 0% used [0x00000000fc900000,0x00000000fc900000,0x00000000fe080000)
 ParOldGen       total 175104K, used 168884K [0x00000000f0000000, 0x00000000fab00000, 0x00000000fab00000)
  object space 175104K, 96% used [0x00000000f0000000,0x00000000fa4ed228,0x00000000fab00000)
 Metaspace       used 47354K, capacity 47574K, committed 48256K, reserved 1091584K
  class space    used 5565K, capacity 5669K, committed 5760K, reserved 1048576K
}
Event: 9431.223 GC heap before
{Heap before GC invocations=513 (full 61):
 PSYoungGen      total 53248K, used 0K [0x00000000fab00000, 0x00000000ff800000, 0x0000000100000000)
  eden space 30720K, 0% used [0x00000000fab00000,0x00000000fab00000,0x00000000fc900000)
  from space 22528K, 0% used [0x00000000fe200000,0x00000000fe200000,0x00000000ff800000)
  to   space 24064K, 0% used [0x00000000fc900000,0x00000000fc900000,0x00000000fe080000)
 ParOldGen       total 175104K, used 168884K [0x00000000f0000000, 0x00000000fab00000, 0x00000000fab00000)
  object space 175104K, 96% used [0x00000000f0000000,0x00000000fa4ed228,0x00000000fab00000)
 Metaspace       used 47354K, capacity 47574K, committed 48256K, reserved 1091584K
  class space    used 5565K, capacity 5669K, committed 5760K, reserved 1048576K
Event: 9431.431 GC heap after
Heap after GC invocations=513 (full 61):
 PSYoungGen      total 53248K, used 0K [0x00000000fab00000, 0x00000000ff800000, 0x0000000100000000)
  eden space 30720K, 0% used [0x00000000fab00000,0x00000000fab00000,0x00000000fc900000)
  from space 22528K, 0% used [0x00000000fe200000,0x00000000fe200000,0x00000000ff800000)
  to   space 24064K, 0% used [0x00000000fc900000,0x00000000fc900000,0x00000000fe080000)
 ParOldGen       total 175104K, used 141939K [0x00000000f0000000, 0x00000000fab00000, 0x00000000fab00000)
  object space 175104K, 81% used [0x00000000f0000000,0x00000000f8a9cff8,0x00000000fab00000)
 Metaspace       used 47354K, capacity 47574K, committed 48256K, reserved 1091584K
  class space    used 5565K, capacity 5669K, committed 5760K, reserved 1048576K
}

